<?xml version="1.0" encoding="UTF-8"?>
<!-- Generated by org.testng.reporters.JUnitReportReporter -->
<testsuite hostname="Megha" failures="0" tests="1" name="testCases.TC02_CompleteFlow" time="2.278" errors="0" timestamp="2023-10-03T15:59:53 IST" skipped="0">
  <testcase classname="testCases.TC02_CompleteFlow" name="ShopProduct" time="2.278"/>
</testsuite> <!-- testCases.TC02_CompleteFlow -->
