<?xml version="1.0" encoding="UTF-8"?>
<!-- Generated by org.testng.reporters.JUnitReportReporter -->
<testsuite hostname="Megha" failures="0" tests="3" name="testCases.TC02_ShopProduct" time="4.457" errors="0" timestamp="2023-10-04T23:34:31 IST" skipped="0">
  <testcase classname="testCases.TC02_ShopProduct" name="Login" time="0.458"/>
  <testcase classname="testCases.TC02_ShopProduct" name="SortProduct" time="2.613"/>
  <testcase classname="testCases.TC02_ShopProduct" name="ShopProduct" time="1.386"/>
</testsuite> <!-- testCases.TC02_ShopProduct -->
