<?xml version="1.0" encoding="UTF-8"?>
<!-- Generated by org.testng.reporters.JUnitReportReporter -->
<testsuite hostname="Megha" failures="0" tests="1" name="testCases.TC02_Login" time="1.137" errors="0" timestamp="2023-10-04T17:35:36 IST" skipped="0">
  <testcase classname="testCases.TC02_Login" name="LoginTest" time="1.137"/>
</testsuite> <!-- testCases.TC02_Login -->
