<?xml version="1.0" encoding="UTF-8"?>
<!-- Generated by org.testng.reporters.JUnitReportReporter -->
<testsuite hostname="Megha" failures="0" tests="1" name="testCases.TC04_ShopProduct" time="2.023" errors="0" timestamp="2023-10-04T18:05:46 IST" skipped="0">
  <testcase classname="testCases.TC04_ShopProduct" name="ShopProduct" time="2.023"/>
</testsuite> <!-- testCases.TC04_ShopProduct -->
