<?xml version="1.0" encoding="UTF-8"?>
<!-- Generated by org.testng.reporters.JUnitReportReporter -->
<testsuite hostname="Megha" failures="0" tests="1" name="testCases.TC01_Login_DataDriven" time="2.092" errors="0" timestamp="2023-10-03T13:28:25 IST" skipped="0">
  <testcase classname="testCases.TC01_Login_DataDriven" name="LoginTest" time="2.092"/>
</testsuite> <!-- testCases.TC01_Login_DataDriven -->
