<?xml version="1.0" encoding="UTF-8"?>
<!-- Generated by org.testng.reporters.JUnitReportReporter -->
<testsuite hostname="Megha" failures="0" tests="1" name="testCases.TC03_AddRemoveProductFromCart" time="1.499" errors="0" timestamp="2023-10-04T18:28:13 IST" skipped="0">
  <testcase classname="testCases.TC03_AddRemoveProductFromCart" name="AddRemoveProduct" time="1.499"/>
</testsuite> <!-- testCases.TC03_AddRemoveProductFromCart -->
