<?xml version="1.0" encoding="UTF-8"?>
<!-- Generated by org.testng.reporters.JUnitReportReporter -->
<testsuite hostname="Megha" failures="0" tests="1" name="testCases.ThirdTest" time="0.629" errors="0" timestamp="2023-10-03T13:38:00 IST" skipped="0">
  <testcase classname="testCases.ThirdTest" name="LoginTest" time="0.629"/>
</testsuite> <!-- testCases.ThirdTest -->
