<?xml version="1.0" encoding="UTF-8"?>
<!-- Generated by org.testng.reporters.JUnitReportReporter -->
<testsuite hostname="Megha" failures="0" tests="1" name="testCases.TC01_Login" time="87.484" errors="0" timestamp="2023-10-03T17:16:19 IST" skipped="0">
  <testcase classname="testCases.TC01_Login" name="LoginTest" time="87.484"/>
</testsuite> <!-- testCases.TC01_Login -->
