<?xml version="1.0" encoding="UTF-8"?>
<!-- Generated by org.testng.reporters.JUnitReportReporter -->
<testsuite hostname="Megha" failures="0" tests="1" name="testCases.SecondTC" time="3.185" errors="0" timestamp="2023-10-03T13:21:04 IST" skipped="0">
  <testcase classname="testCases.SecondTC" name="LoginTest" time="3.185"/>
</testsuite> <!-- testCases.SecondTC -->
