<?xml version="1.0" encoding="UTF-8"?>
<!-- Generated by org.testng.reporters.JUnitReportReporter -->
<testsuite hostname="Megha" failures="0" tests="1" name="testCases.TC02_AddRemoveProductFromCart" time="1.429" errors="0" timestamp="2023-10-04T12:45:53 IST" skipped="0">
  <testcase classname="testCases.TC02_AddRemoveProductFromCart" name="AddRemoveProduct" time="1.429"/>
</testsuite> <!-- testCases.TC02_AddRemoveProductFromCart -->
