<?xml version="1.0" encoding="UTF-8"?>
<!-- Generated by org.testng.reporters.JUnitReportReporter -->
<testsuite hostname="Megha" failures="0" tests="1" name="testCases.TC01_Login_ExcelDataDriven" time="73.798" errors="0" timestamp="2023-10-04T23:34:31 IST" skipped="0">
  <testcase classname="testCases.TC01_Login_ExcelDataDriven" name="LoginTest" time="73.798"/>
</testsuite> <!-- testCases.TC01_Login_ExcelDataDriven -->
