<?xml version="1.0" encoding="UTF-8"?>
<!-- Generated by org.testng.reporters.JUnitReportReporter -->
<testsuite hostname="Megha" failures="0" tests="1" name="testCases.TC4_SortProduct" time="5.788" errors="0" timestamp="2023-10-04T22:16:34 IST" skipped="0">
  <testcase classname="testCases.TC4_SortProduct" name="SortProduct" time="5.788"/>
</testsuite> <!-- testCases.TC4_SortProduct -->
