<?xml version="1.0" encoding="UTF-8"?>
<!-- Generated by org.testng.reporters.JUnitReportReporter -->
<testsuite hostname="Megha" failures="0" tests="3" name="testCases.TC03_AddRemoveProduct" time="1.683" errors="0" timestamp="2023-10-04T23:34:31 IST" skipped="0">
  <testcase classname="testCases.TC03_AddRemoveProduct" name="Login" time="0.571"/>
  <testcase classname="testCases.TC03_AddRemoveProduct" name="AddProduct" time="0.762"/>
  <testcase classname="testCases.TC03_AddRemoveProduct" name="RemoveProduct" time="0.350"/>
</testsuite> <!-- testCases.TC03_AddRemoveProduct -->
